0.000000000000000000e+00
9.535466964736058303e-322
0.000000000000000000e+00
9.535466964736058303e-322
0.000000000000000000e+00
0.000000000000000000e+00
0.000000000000000000e+00
0.000000000000000000e+00
0.000000000000000000e+00
0.000000000000000000e+00
0.000000000000000000e+00
0.000000000000000000e+00
0.000000000000000000e+00
0.000000000000000000e+00
0.000000000000000000e+00
0.000000000000000000e+00
0.000000000000000000e+00
0.000000000000000000e+00
0.000000000000000000e+00
0.000000000000000000e+00
0.000000000000000000e+00
0.000000000000000000e+00
0.000000000000000000e+00
0.000000000000000000e+00
0.000000000000000000e+00
0.000000000000000000e+00
0.000000000000000000e+00
0.000000000000000000e+00
0.000000000000000000e+00
0.000000000000000000e+00
0.000000000000000000e+00
0.000000000000000000e+00
0.000000000000000000e+00
0.000000000000000000e+00
0.000000000000000000e+00
0.000000000000000000e+00
0.000000000000000000e+00
0.000000000000000000e+00
0.000000000000000000e+00
0.000000000000000000e+00
0.000000000000000000e+00
0.000000000000000000e+00
0.000000000000000000e+00
0.000000000000000000e+00
0.000000000000000000e+00
0.000000000000000000e+00
0.000000000000000000e+00
0.000000000000000000e+00
0.000000000000000000e+00
0.000000000000000000e+00
0.000000000000000000e+00
0.000000000000000000e+00
0.000000000000000000e+00
0.000000000000000000e+00
0.000000000000000000e+00
0.000000000000000000e+00
0.000000000000000000e+00
0.000000000000000000e+00
0.000000000000000000e+00
0.000000000000000000e+00
0.000000000000000000e+00
0.000000000000000000e+00
0.000000000000000000e+00
0.000000000000000000e+00
0.000000000000000000e+00
0.000000000000000000e+00
0.000000000000000000e+00
0.000000000000000000e+00
6.940266470440832590e-310
1.867241810414682247e-60
6.940213470388586568e-310
6.940266470440832590e-310
1.867540975099856925e-60
6.940186580942490647e-310
6.940266470440832590e-310
1.867840139785031604e-60
6.940186580977272868e-310
6.940266470440832590e-310
1.868139304470206283e-60
6.940239788448158327e-310
6.940266470440832590e-310
1.868438469155380961e-60
6.940213461010034853e-310
6.940266470440832590e-310
1.868737633840555640e-60
6.940213451397493647e-310
6.940266470440832590e-310
1.869036798525730319e-60
6.940213451391169607e-310
6.940266470440832590e-310
1.869335963210904998e-60
6.940213451388007587e-310
6.940266470440832590e-310
1.864848492933284817e-60
6.940213451378521526e-310
6.940266470440832590e-310
1.865147657618459496e-60
6.940213451375359506e-310
6.940266470440832590e-310
1.865446822303634175e-60
6.940213451372197486e-310
6.940266470440832590e-310
1.865745986988808853e-60
6.940213451365873446e-310
6.940266470440832590e-310
1.866045151673983532e-60
6.940213451362711426e-310
6.940266470440832590e-310
1.866344316359158211e-60
6.940213451359549406e-310
6.940266470440832590e-310
1.866643481044332889e-60
6.940213451356387385e-310
6.940266470440832590e-310
1.866942645729507568e-60
6.940213451353225365e-310
6.940266470440832590e-310
1.862455175451887388e-60
6.940213451350063345e-310
6.940266470440832590e-310
1.862754340137062066e-60
6.940213451346901325e-310
6.940266470440832590e-310
1.863053504822236745e-60
6.940213451340577285e-310
6.940266470440832590e-310
1.863352669507411424e-60
6.940213451337415265e-310
0.000000000000000000e+00
3.483162803180788136e-321
0.000000000000000000e+00
9.535466964736058303e-322
1.032597199808205277e-321
4.172055924940612760e-309
9.734825452335438038e-309
1.529759497973026332e-308
2.086036450712508859e-308
2.642313403451991387e-308
3.198590356191473915e-308
3.754867308930956443e-308
4.311144261670438971e-308
5.284694711805440231e-308
6.397248617284405286e-308
7.509802522763370342e-308
8.622356428242335397e-308
1.056952523341379537e-307
1.279463304437172548e-307
1.501974085532965560e-307
1.724484866628758571e-307
2.113932208643342057e-307
2.558953770834928079e-307
3.003975333026514102e-307
3.448996895218100124e-307
4.227918741207850079e-307
5.117961865591022124e-307
6.008004989974194168e-307
6.898048114357366212e-307
8.455946130258032088e-307
1.023603237902437618e-306
1.201611862779072027e-306
1.379620487655706435e-306
1.691210955620072804e-306
2.047228205373341621e-306
2.403245455126610439e-306
2.759262704879879257e-306
3.382465370377078379e-306
4.094499869883616015e-306
4.806534369390153650e-306
5.518568868896691286e-306
6.765017659028022302e-306
8.189086658041097573e-306
9.613155657054172844e-306
1.103722465606724812e-305
1.353020915460377569e-305
1.637834715262992623e-305
1.922648515065607678e-305
2.207462314868222732e-305
2.706076598230301356e-305
3.275704197835531464e-305
3.845331797440761573e-305
4.414959397045991681e-305
5.412222731079695147e-305
6.551477930290155364e-305
7.690733129500615581e-305
8.829988328711075797e-305
nan
nan
nan
nan
nan
nan
nan
nan
nan
nan
nan
nan
nan
nan
nan
nan
nan
nan
nan
nan
nan
nan
nan
nan
nan
nan
nan
nan
nan
nan
nan
nan
nan
nan
nan
nan
nan
nan
nan
nan
nan
nan
nan
nan
nan
nan
nan
nan
nan
nan
nan
nan
nan
nan
nan
nan
nan
nan
nan
nan
nan
nan
nan
nan
nan
nan
nan
nan
nan
nan
nan
nan
nan
nan
nan
nan
0.000000000000000000e+00
2.150451592745577745e-314
6.940279284808447668e-310
4.940656458412465442e-324
2.150451608555678412e-314
6.940279284808447668e-310
9.881312916824930884e-324
2.150451624365779078e-314
6.940279284808447668e-310
1.482196937523739633e-323
2.150451640175879745e-314
6.940279284808447668e-310
1.976262583364986177e-323
2.150451655985980412e-314
6.940279284808447668e-310
2.470328229206232721e-323
2.150451671796081079e-314
6.940279284808447668e-310
2.964393875047479265e-323
2.150451687606181746e-314
6.940279284808447668e-310
3.458459520888725809e-323
2.150451703416282413e-314
6.940279284808447668e-310
3.952525166729972353e-323
2.150451719226383080e-314
6.940279284808447668e-310
4.446590812571218898e-323
2.150451735036483747e-314
6.940279284808447668e-310
4.940656458412465442e-323
2.150451750846584414e-314
6.940279284808447668e-310
5.434722104253711986e-323
2.150451766656685081e-314
6.940279284808447668e-310
5.928787750094958530e-323
2.150451782466785748e-314
6.940279284808447668e-310
6.422853395936205074e-323
2.150451798276886415e-314
6.940279284808447668e-310
6.916919041777451618e-323
2.150451814086987081e-314
6.940279284808447668e-310
7.410984687618698163e-323
2.150451829897087748e-314
6.940279284808447668e-310
7.905050333459944707e-323
2.150451845707188415e-314
6.940279284808447668e-310
8.399115979301191251e-323
2.150451861517289082e-314
6.940279284808447668e-310
8.893181625142437795e-323
2.150451877327389749e-314
6.940279284808447668e-310
9.387247270983684339e-323
2.150451893137490416e-314
6.940279284808447668e-310
9.881312916824930884e-323
2.150451908947591083e-314
6.940279284808447668e-310
1.037537856266617743e-322
2.150451924757691750e-314
6.940279284808447668e-310
1.086944420850742397e-322
2.150451940567792417e-314
6.940279284808447668e-310
1.136350985434867052e-322
2.150451956377893084e-314
6.940279284808447668e-310
1.185757550018991706e-322
2.150451972187993751e-314
6.940279284808447668e-310
1.235164114603116360e-322
2.150451987998094418e-314
6.940279284808447668e-310
1.284570679187241015e-322
2.150452003808195085e-314
6.940279284808447668e-310
1.333977243771365669e-322
2.150452019618295751e-314
6.940279284808447668e-310
1.383383808355490324e-322
2.150452035428396418e-314
6.940279284808447668e-310
1.432790372939614978e-322
2.150452051238497085e-314
6.940279284808447668e-310
1.482196937523739633e-322
2.150452067048597752e-314
6.940279284808447668e-310
1.531603502107864287e-322
2.150452082858698419e-314
6.940279284808447668e-310
1.581010066691988941e-322
2.150452098668799086e-314
6.940279284808447668e-310
1.630416631276113596e-322
2.150452114478899753e-314
6.940279284808447668e-310
1.679823195860238250e-322
2.150452130289000420e-314
6.940279284808447668e-310
1.729229760444362905e-322
2.150452146099101087e-314
6.940279284808447668e-310
1.778636325028487559e-322
2.150452161909201754e-314
6.940279284808447668e-310
1.828042889612612213e-322
2.150452177719302421e-314
6.940279284808447668e-310
1.877449454196736868e-322
2.150452193529403088e-314
6.940279284808447668e-310
1.926856018780861522e-322
2.150452209339503754e-314
6.940279284808447668e-310
1.976262583364986177e-322
2.150452225149604421e-314
6.940279284808447668e-310
2.025669147949110831e-322
2.150452240959705088e-314
6.940279284808447668e-310
2.075075712533235486e-322
2.150452256769805755e-314
6.940279284808447668e-310
2.124482277117360140e-322
2.150452272579906422e-314
6.940279284808447668e-310
2.173888841701484794e-322
2.150452288390007089e-314
6.940279284808447668e-310
2.223295406285609449e-322
2.150452304200107756e-314
6.940279284808447668e-310
2.272701970869734103e-322
2.150452320010208423e-314
6.940279284808447668e-310
2.322108535453858758e-322
2.150452335820309090e-314
6.940279284808447668e-310
2.371515100037983412e-322
2.150452351630409757e-314
6.940279284808447668e-310
2.420921664622108066e-322
2.150452367440510424e-314
6.940279284808447668e-310
2.470328229206232721e-322
2.150452383250611091e-314
6.940279284808447668e-310
2.519734793790357375e-322
2.150452399060711758e-314
6.940279284808447668e-310
2.569141358374482030e-322
2.150452414870812424e-314
6.940279284808447668e-310
2.618547922958606684e-322
2.150452430680913091e-314
6.940279284808447668e-310
2.667954487542731339e-322
2.150452446491013758e-314
6.940279284808447668e-310
2.717361052126855993e-322
2.150452462301114425e-314
6.940279284808447668e-310
2.766767616710980647e-322
2.150452478111215092e-314
6.940279284808447668e-310
2.816174181295105302e-322
2.150452493921315759e-314
6.940279284808447668e-310
2.865580745879229956e-322
2.150452509731416426e-314
6.940279284808447668e-310
2.914987310463354611e-322
2.150452525541517093e-314
6.940279284808447668e-310
2.964393875047479265e-322
2.150452541351617760e-314
6.940279284808447668e-310
3.013800439631603919e-322
2.150452557161718427e-314
6.940279284808447668e-310
3.063207004215728574e-322
2.150452572971819094e-314
6.940279284808447668e-310
3.112613568799853228e-322
2.150452588781919761e-314
6.940279284808447668e-310
3.162020133383977883e-322
2.150452604592020427e-314
6.940279284808447668e-310
3.211426697968102537e-322
2.150452620402121094e-314
6.940279284808447668e-310
3.260833262552227192e-322
2.150452636212221761e-314
6.940279284808447668e-310
3.310239827136351846e-322
2.150452652022322428e-314
6.940279284808447668e-310
3.359646391720476500e-322
2.150452667832423095e-314
6.940279284808447668e-310
3.409052956304601155e-322
2.150452683642523762e-314
6.940279284808447668e-310
3.458459520888725809e-322
2.150452699452624429e-314
6.940279284808447668e-310
3.507866085472850464e-322
2.150452715262725096e-314
6.940279284808447668e-310
3.557272650056975118e-322
2.150452731072825763e-314
6.940279284808447668e-310
3.606679214641099772e-322
2.150452746882926430e-314
6.940279284808447668e-310
3.656085779225224427e-322
2.150452762693027097e-314
6.940279284808447668e-310
3.705492343809349081e-322
2.150452778503127764e-314
6.940279284808447668e-310
3.754898908393473736e-322
2.150452794313228431e-314
6.940279284808447668e-310
3.804305472977598390e-322
2.150452810123329097e-314
6.940279284808447668e-310
3.853712037561723045e-322
2.150452825933429764e-314
6.940279284808447668e-310
3.903118602145847699e-322
2.150452841743530431e-314
6.940279284808447668e-310
3.952525166729972353e-322
2.150452857553631098e-314
6.940279284808447668e-310
4.001931731314097008e-322
2.150452873363731765e-314
6.940279284808447668e-310
4.051338295898221662e-322
2.150452889173832432e-314
6.940279284808447668e-310
4.100744860482346317e-322
2.150452904983933099e-314
6.940279284808447668e-310
4.150151425066470971e-322
2.150452920794033766e-314
6.940279284808447668e-310
4.199557989650595626e-322
2.150452936604134433e-314
6.940279284808447668e-310
4.248964554234720280e-322
2.150452952414235100e-314
6.940279284808447668e-310
4.298371118818844934e-322
2.150452968224335767e-314
6.940279284808447668e-310
4.347777683402969589e-322
2.150452984034436434e-314
6.940279284808447668e-310
4.397184247987094243e-322
2.150452999844537100e-314
6.940279284808447668e-310
4.446590812571218898e-322
2.150453015654637767e-314
6.940279284808447668e-310
4.495997377155343552e-322
2.150453031464738434e-314
6.940279284808447668e-310
4.545403941739468206e-322
2.150453047274839101e-314
6.940279284808447668e-310
4.594810506323592861e-322
2.150453063084939768e-314
6.940279284808447668e-310
4.644217070907717515e-322
2.150453078895040435e-314
6.940279284808447668e-310
4.693623635491842170e-322
2.150453094705141102e-314
6.940279284808447668e-310
4.743030200075966824e-322
2.150453110515241769e-314
6.940279284808447668e-310
4.792436764660091479e-322
2.150453126325342436e-314
6.940279284808447668e-310
4.841843329244216133e-322
2.150453142135443103e-314
6.940279284808447668e-310
4.891249893828340787e-322
2.150453157945543770e-314
6.940279284808447668e-310
4.940656458412465442e-322
2.150453173755644437e-314
6.940279284808447668e-310
4.990063022996590096e-322
2.150453189565745104e-314
6.940279284808447668e-310
5.039469587580714751e-322
2.150453205375845770e-314
6.940279284808447668e-310
5.088876152164839405e-322
2.150453221185946437e-314
6.940279284808447668e-310
5.138282716748964059e-322
2.150453236996047104e-314
6.940279284808447668e-310
5.187689281333088714e-322
2.150453252806147771e-314
6.940279284808447668e-310
5.237095845917213368e-322
2.150453268616248438e-314
6.940279284808447668e-310
5.286502410501338023e-322
2.150453284426349105e-314
6.940279284808447668e-310
5.335908975085462677e-322
2.150453300236449772e-314
6.940279284808447668e-310
5.385315539669587332e-322
2.150453316046550439e-314
6.940279284808447668e-310
5.434722104253711986e-322
2.150453331856651106e-314
6.940279284808447668e-310
5.484128668837836640e-322
2.150453347666751773e-314
6.940279284808447668e-310
5.533535233421961295e-322
2.150453363476852440e-314
6.940279284808447668e-310
5.582941798006085949e-322
2.150453379286953107e-314
6.940279284808447668e-310
5.632348362590210604e-322
2.150453395097053773e-314
6.940279284808447668e-310
5.681754927174335258e-322
2.150453410907154440e-314
6.940279284808447668e-310
5.731161491758459912e-322
2.150453426717255107e-314
6.940279284808447668e-310
5.780568056342584567e-322
2.150453442527355774e-314
6.940279284808447668e-310
5.829974620926709221e-322
2.150453458337456441e-314
6.940279284808447668e-310
5.879381185510833876e-322
2.150453474147557108e-314
6.940279284808447668e-310
5.928787750094958530e-322
2.150453489957657775e-314
6.940279284808447668e-310
5.978194314679083185e-322
2.150453505767758442e-314
6.940279284808447668e-310
6.027600879263207839e-322
2.150453521577859109e-314
6.940279284808447668e-310
6.077007443847332493e-322
2.150453537387959776e-314
6.940279284808447668e-310
6.126414008431457148e-322
2.150453553198060443e-314
6.940279284808447668e-310
6.175820573015581802e-322
2.150453569008161110e-314
6.940279284808447668e-310
6.225227137599706457e-322
2.150453584818261777e-314
6.940279284808447668e-310
6.274633702183831111e-322
2.150453600628362443e-314
6.940279284808447668e-310
6.324040266767955765e-322
2.150453616438463110e-314
6.940279284808447668e-310
6.373446831352080420e-322
2.150453632248563777e-314
6.940279284808447668e-310
6.422853395936205074e-322
2.150453648058664444e-314
6.940279284808447668e-310
6.472259960520329729e-322
2.150453663868765111e-314
6.940279284808447668e-310
6.521666525104454383e-322
2.150453679678865778e-314
6.940279284808447668e-310
6.571073089688579038e-322
2.150453695488966445e-314
6.940279284808447668e-310
6.620479654272703692e-322
2.150453711299067112e-314
6.940279284808447668e-310
6.669886218856828346e-322
2.150453727109167779e-314
6.940279284808447668e-310
6.719292783440953001e-322
2.150453742919268446e-314
6.940279284808447668e-310
6.768699348025077655e-322
2.150453758729369113e-314
6.940279284808447668e-310
6.818105912609202310e-322
2.150453774539469780e-314
6.940279284808447668e-310
6.867512477193326964e-322
2.150453790349570446e-314
6.940279284808447668e-310
6.916919041777451618e-322
2.150453806159671113e-314
6.940279284808447668e-310
6.966325606361576273e-322
2.150453821969771780e-314
6.940279284808447668e-310
7.015732170945700927e-322
2.150453837779872447e-314
6.940279284808447668e-310
7.065138735529825582e-322
2.150453853589973114e-314
6.940279284808447668e-310
7.114545300113950236e-322
2.150453869400073781e-314
6.940279284808447668e-310
7.163951864698074891e-322
2.150453885210174448e-314
6.940279284808447668e-310
7.213358429282199545e-322
6.113190000000000168e+01
6.113190000000000168e+01
6.113190000000000168e+01
6.113190000000000168e+01
6.113190000000000168e+01
6.113190000000000168e+01
6.113190000000000168e+01
6.113190000000000168e+01
6.113190000000000168e+01
6.113190000000000168e+01
6.113190000000000168e+01
6.113190000000000168e+01
6.113190000000000168e+01
6.113190000000000168e+01
6.113190000000000168e+01
6.113190000000000168e+01
6.113190000000000168e+01
6.113190000000000168e+01
6.113190000000000168e+01
6.113190000000000168e+01
6.113190000000000168e+01
6.113190000000000168e+01
6.113190000000000168e+01
6.114159999999999684e+01
6.114159999999999684e+01
6.114159999999999684e+01
6.114159999999999684e+01
6.114159999999999684e+01
6.114159999999999684e+01
6.114159999999999684e+01
6.114159999999999684e+01
6.114159999999999684e+01
6.114159999999999684e+01
6.114159999999999684e+01
6.114159999999999684e+01
6.114159999999999684e+01
6.114159999999999684e+01
6.114159999999999684e+01
6.114159999999999684e+01
6.114159999999999684e+01
6.114159999999999684e+01
6.114159999999999684e+01
6.114159999999999684e+01
6.114159999999999684e+01
6.114159999999999684e+01
6.114159999999999684e+01
6.141310000000000002e+01
6.141310000000000002e+01
6.141310000000000002e+01
6.141310000000000002e+01
6.141310000000000002e+01
6.141310000000000002e+01
6.141310000000000002e+01
6.141310000000000002e+01
6.141310000000000002e+01
6.141310000000000002e+01
6.141310000000000002e+01
6.141310000000000002e+01
6.141310000000000002e+01
6.141310000000000002e+01
6.141310000000000002e+01
6.141310000000000002e+01
6.141310000000000002e+01
6.141310000000000002e+01
6.141310000000000002e+01
6.141310000000000002e+01
6.141310000000000002e+01
6.141310000000000002e+01
6.141310000000000002e+01
